<?xml version="1.0" encoding="UTF-8"?>
<testsuite name="com.kata.bank.BankAccountTest" time="0.005" tests="3" errors="0" skipped="0" failures="1">
  <properties>
[...]
</properties>
  <testcase name="printStatements" classname="com.kata.bank.BankAccountTest" time="0.005">
    <failure message="expected:&lt;... || debit || balance[&#10;14/01/2012 || 1000.00 || || 1000.00]&#10;&gt; but was:&lt;... || debit || balance[&#10;14/01/2012 || 1000,00 || || 1000,00&#13;]&#10;&gt;" type="org.junit.ComparisonFailure"><![CDATA[org.junit.ComparisonFailure: expected:<... || debit || balance[
14/01/2012 || 1000.00 || || 1000.00]
> but was:<... || debit || balance[
14/01/2012 || 1000,00 || || 1000,00]
>
	at org.junit.Assert.assertEquals(Assert.java:115)
	at org.junit.Assert.assertEquals(Assert.java:144)
	at com.kata.bank.BankAccountTest.printStatements(BankAccountTest.java:60)
]]></failure>
  </testcase>
  <testcase name="depositMoneyOnAccount" classname="com.kata.bank.BankAccountTest" time="0"/>
  <testcase name="withdrawMoneyFromAccount" classname="com.kata.bank.BankAccountTest" time="0"/>
</testsuite>